[01m[K/home/xuncheng/lastwork/src/hero_chassis_controller/src/hero_chassis_controller.cpp:[m[K In function â€˜[01m[Kvoid hero_chassis_controller::update(const ros::Time&, const ros::Duration&)[m[Kâ€™:
[01m[K/home/xuncheng/lastwork/src/hero_chassis_controller/src/hero_chassis_controller.cpp:22:9:[m[K [01;31m[Kerror: [m[Kâ€˜[01m[Kfront_left_wheel[m[Kâ€™ was not declared in this scope
   22 |         [01;31m[Kfront_left_wheel[m[K.setCommand(2.0);
      |         [01;31m[K^~~~~~~~~~~~~~~~[m[K
make[2]: *** [CMakeFiles/hero_chassis_controller.dir/build.make:63ï¼šCMakeFiles/hero_chassis_controller.dir/src/hero_chassis_controller.cpp.o] é”™è¯¯ 1
make[1]: *** [CMakeFiles/Makefile2:279ï¼šCMakeFiles/hero_chassis_controller.dir/all] é”™è¯¯ 2
make: *** [Makefile:141ï¼šall] é”™è¯¯ 2
